<?xml version="1.0" encoding="UTF-8"?>
<testsuite name="is.ru.StringCalculator.CalculatorTest" tests="2" skipped="0" failures="0" errors="0" timestamp="2017-10-09T20:03:13" hostname="Gudbergs-MBP.lan" time="0.002">
  <properties/>
  <testcase name="testEmptyString" classname="is.ru.StringCalculator.CalculatorTest" time="0.002"/>
  <testcase name="testOneNumber" classname="is.ru.StringCalculator.CalculatorTest" time="0.0"/>
  <system-out><![CDATA[]]></system-out>
  <system-err><![CDATA[]]></system-err>
</testsuite>
