<?xml version="1.0" encoding="UTF-8"?>
<testsuite name="is.ru.StringCalculator.CalculatorTest" tests="7" skipped="0" failures="0" errors="0" timestamp="2017-10-13T15:53:11" hostname="Gudberg.lan" time="0.003">
  <properties/>
  <testcase name="testNegatives" classname="is.ru.StringCalculator.CalculatorTest" time="0.002"/>
  <testcase name="testMultipleNumbers" classname="is.ru.StringCalculator.CalculatorTest" time="0.0"/>
  <testcase name="testEmptyString" classname="is.ru.StringCalculator.CalculatorTest" time="0.0"/>
  <testcase name="TestforNumbersHigherThanThousand" classname="is.ru.StringCalculator.CalculatorTest" time="0.0"/>
  <testcase name="testNewLine" classname="is.ru.StringCalculator.CalculatorTest" time="0.0"/>
  <testcase name="testTwoNumbers" classname="is.ru.StringCalculator.CalculatorTest" time="0.0"/>
  <testcase name="testOneNumber" classname="is.ru.StringCalculator.CalculatorTest" time="0.0"/>
  <system-out><![CDATA[]]></system-out>
  <system-err><![CDATA[]]></system-err>
</testsuite>
